<?xml version="1.0" encoding="UTF-8"?>
<!-- Generated by org.testng.reporters.JUnitXMLReporter -->
<testsuite ignored="1" hostname="DESKTOP-T2MM1GM" failures="1" tests="28" name="Test-Chrome" time="0.255" errors="0" timestamp="2023-07-08T11:39:16 IST">
  <testcase classname="ecommerce_1.SneakersForMens" name="signIn" time="0.03"/>
  <testcase classname="ecommerce_1.SneakersForMens" name="searchProducts" time="0.031"/>
  <testcase classname="ecommerce_1.Mobiles" name="signIn" time="0.033"/>
  <testcase classname="ecommerce_1.SneakersForMens" name="signUp" time="0.03"/>
  <testcase classname="ecommerce_1.Mobiles" name="searchProducts" time="0.031"/>
  <testcase classname="ecommerce_1.Mobiles" name="Singup" time="0.031"/>
  <testcase classname="ecommerce_1.Mobiles" name="apple14ProMax" time="0.036"/>
  <testcase classname="ecommerce_1.LoginFlow" name="login" time="0.043"/>
  <testcase classname="ecommerce_1.Mobiles" name="makePayment" time="0.005"/>
  <testcase classname="ecommerce_1.SneakersForMens" name="addShippingDetails" time="0.008"/>
  <testcase classname="ecommerce_1.Mobiles" name="addShippingDetails" time="0.013"/>
  <testcase classname="ecommerce_1.SneakersForMens" name="addToCart" time="0.015"/>
  <testcase classname="ecommerce_1.Mobiles" name="addToCart" time="0.018"/>
  <testcase classname="ecommerce_1.SneakersForMens" name="sneakersForMens" time="0.021"/>
  <testcase classname="ecommerce_1.SneakersForMens" name="makePayment" time="0.026">
    <skipped/>
  </testcase> <!-- makePayment -->
  <testcase classname="ecommerce_1.SneakersForMens" name="custumerFeedback" time="0.003"/>
  <testcase classname="ecommerce_1.SneakersForMens" name="makePaymentAgain" time="0.007"/>
  <testcase classname="ecommerce_1.Mobiles" name="custumerFeedback" time="0.011"/>
  <testcase classname="ecommerce_1.Mobiles" name="replaceOrder" time="0.014"/>
  <testcase classname="ecommerce_1.Mobiles" name="returnOrder" time="0.019"/>
  <testcase classname="ecommerce_1.Mobiles" name="orderPlaced" time="0.021"/>
  <testcase classname="ecommerce_1.SneakersForMens" name="makePayment" time="0.004">
    <skipped/>
  </testcase> <!-- makePayment -->
  <testcase classname="ecommerce_1.SneakersForMens" name="makePayment" time="0.002">
    <skipped/>
  </testcase> <!-- makePayment -->
  <testcase classname="ecommerce_1.SneakersForMens" name="makePayment" time="0.002">
    <skipped/>
  </testcase> <!-- makePayment -->
  <testcase classname="ecommerce_1.SneakersForMens" name="makePayment" time="0.005">
    <failure type="java.lang.Exception" message="Payment Cancel due to network slowness">
      <![CDATA[java.lang.Exception: Payment Cancel due to network slowness
at ecommerce_1.SneakersForMens.makePayment(SneakersForMens.java:52)
at java.base/java.util.concurrent.ThreadPoolExecutor.runWorker(ThreadPoolExecutor.java:1136)
at java.base/java.util.concurrent.ThreadPoolExecutor$Worker.run(ThreadPoolExecutor.java:635)
at java.base/java.lang.Thread.run(Thread.java:833)
... Removed 12 stack frames]]>
    </failure>
  </testcase> <!-- makePayment -->
  <testcase classname="ecommerce_1.SneakersForMens" name="replaceOrder" time="0.002"/>
  <testcase classname="ecommerce_1.SneakersForMens" name="returnOrder" time="0.0">
    <skipped/>
  </testcase> <!-- returnOrder -->
  <testcase classname="ecommerce_1.SneakersForMens" name="orderPlaced" time="0.0">
    <skipped/>
  </testcase> <!-- orderPlaced -->
  <testcase classname="ecommerce_1.SignupFlow" name="signup" time="0.0">
    <ignored/>
  </testcase> <!-- signup -->
</testsuite> <!-- Test-Chrome -->
