<?xml version="1.0" encoding="UTF-8"?>
<!-- Generated by org.testng.reporters.JUnitXMLReporter -->
<testsuite ignored="1" hostname="DESKTOP-T2MM1GM" failures="1" tests="28" name="Test-Edge" time="0.091" errors="0" timestamp="2023-02-21T14:41:40 IST">
  <testcase classname="ecommerce_1.Mobiles" name="Singup" time="0.001"/>
  <testcase classname="ecommerce_1.Mobiles" name="signIn" time="0.002"/>
  <testcase classname="ecommerce_1.Mobiles" name="searchProducts" time="0.001"/>
  <testcase classname="ecommerce_1.Mobiles" name="apple14ProMax" time="0.001"/>
  <testcase classname="ecommerce_1.Mobiles" name="addToCart" time="0.001"/>
  <testcase classname="ecommerce_1.Mobiles" name="addShippingDetails" time="0.002"/>
  <testcase classname="ecommerce_1.Mobiles" name="makePayment" time="0.002"/>
  <testcase classname="ecommerce_1.Mobiles" name="orderPlaced" time="0.001"/>
  <testcase classname="ecommerce_1.Mobiles" name="returnOrder" time="0.001"/>
  <testcase classname="ecommerce_1.Mobiles" name="replaceOrder" time="0.001"/>
  <testcase classname="ecommerce_1.Mobiles" name="custumerFeedback" time="0.001"/>
  <testcase classname="ecommerce_1.SneakersForMens" name="signUp" time="0.002"/>
  <testcase classname="ecommerce_1.SneakersForMens" name="signIn" time="0.001"/>
  <testcase classname="ecommerce_1.SneakersForMens" name="searchProducts" time="0.001"/>
  <testcase classname="ecommerce_1.SneakersForMens" name="sneakersForMens" time="0.001"/>
  <testcase classname="ecommerce_1.SneakersForMens" name="addToCart" time="0.002"/>
  <testcase classname="ecommerce_1.SneakersForMens" name="addShippingDetails" time="0.001"/>
  <testcase classname="ecommerce_1.SneakersForMens" name="makePayment" time="0.001">
    <skipped/>
  </testcase> <!-- makePayment -->
  <testcase classname="ecommerce_1.SneakersForMens" name="makePayment" time="0.001">
    <skipped/>
  </testcase> <!-- makePayment -->
  <testcase classname="ecommerce_1.SneakersForMens" name="makePayment" time="0.0">
    <skipped/>
  </testcase> <!-- makePayment -->
  <testcase classname="ecommerce_1.SneakersForMens" name="makePayment" time="0.001">
    <skipped/>
  </testcase> <!-- makePayment -->
  <testcase classname="ecommerce_1.SneakersForMens" name="makePayment" time="0.002">
    <failure type="java.lang.Exception" message="Payment Cancel due to network slowness">
      <![CDATA[java.lang.Exception: Payment Cancel due to network slowness
at ecommerce_1.SneakersForMens.makePayment(SneakersForMens.java:52)
at java.base/java.util.ArrayList.forEach(ArrayList.java:1511)
... Removed 27 stack frames]]>
    </failure>
  </testcase> <!-- makePayment -->
  <testcase classname="ecommerce_1.SneakersForMens" name="orderPlaced" time="0.0">
    <skipped/>
  </testcase> <!-- orderPlaced -->
  <testcase classname="ecommerce_1.SneakersForMens" name="returnOrder" time="0.001">
    <skipped/>
  </testcase> <!-- returnOrder -->
  <testcase classname="ecommerce_1.SneakersForMens" name="replaceOrder" time="0.001"/>
  <testcase classname="ecommerce_1.SneakersForMens" name="makePaymentAgain" time="0.001"/>
  <testcase classname="ecommerce_1.SneakersForMens" name="custumerFeedback" time="0.001"/>
  <testcase classname="ecommerce_1.LoginFlow" name="login" time="0.001"/>
  <testcase classname="ecommerce_1.SignupFlow" name="signup" time="0.0">
    <ignored/>
  </testcase> <!-- signup -->
</testsuite> <!-- Test-Edge -->
