<?xml version="1.0" encoding="UTF-8"?>
<!-- Generated by org.testng.reporters.JUnitReportReporter -->
<testsuite hostname="DESKTOP-T2MM1GM" failures="0" tests="11" name="ecommerce_1.Mobiles" time="0.030" errors="0" timestamp="2023-07-10T20:41:47 IST" skipped="0">
  <testcase classname="ecommerce_1.Mobiles" name="Singup" time="0.013"/>
  <system-out/>
  <testcase classname="ecommerce_1.Mobiles" name="signIn" time="0.003"/>
  <system-out/>
  <testcase classname="ecommerce_1.Mobiles" name="searchProducts" time="0.002"/>
  <system-out/>
  <testcase classname="ecommerce_1.Mobiles" name="apple14ProMax" time="0.002"/>
  <system-out/>
  <testcase classname="ecommerce_1.Mobiles" name="addToCart" time="0.001"/>
  <system-out/>
  <testcase classname="ecommerce_1.Mobiles" name="addShippingDetails" time="0.002"/>
  <system-out/>
  <testcase classname="ecommerce_1.Mobiles" name="makePayment" time="0.002"/>
  <system-out/>
  <testcase classname="ecommerce_1.Mobiles" name="orderPlaced" time="0.001"/>
  <system-out/>
  <testcase classname="ecommerce_1.Mobiles" name="returnOrder" time="0.002"/>
  <system-out/>
  <testcase classname="ecommerce_1.Mobiles" name="replaceOrder" time="0.001"/>
  <system-out/>
  <testcase classname="ecommerce_1.Mobiles" name="custumerFeedback" time="0.001"/>
  <system-out/>
</testsuite> <!-- ecommerce_1.Mobiles -->
