<?xml version="1.0" encoding="UTF-8"?>
<!-- Generated by org.testng.reporters.JUnitReportReporter -->
<testsuite hostname="DESKTOP-T2MM1GM" failures="0" tests="3" name="ecommerce_1.SignupFlow" time="0.019" errors="0" timestamp="2023-02-14T22:16:53 IST" skipped="0">
  <testcase classname="ecommerce_1.SignupFlow" name="signup" time="0.014"/>
  <system-out/>
  <testcase classname="ecommerce_1.SignupFlow" name="signup" time="0.002"/>
  <system-out/>
  <testcase classname="ecommerce_1.SignupFlow" name="signup" time="0.003"/>
  <system-out/>
</testsuite> <!-- ecommerce_1.SignupFlow -->
