<?xml version="1.0" encoding="UTF-8"?>
<!-- Generated by org.testng.reporters.JUnitReportReporter -->
<testsuite hostname="DESKTOP-T2MM1GM" failures="0" tests="1" name="ecommerce_1.LoginFlow" time="0.043" errors="0" timestamp="2023-07-08T11:39:16 IST" skipped="0">
  <testcase classname="ecommerce_1.LoginFlow" name="login" time="0.043"/>
  <system-out/>
</testsuite> <!-- ecommerce_1.LoginFlow -->
